{"/home/shah/PlayGround/code-test/controller/Element.js": {"path":"/home/shah/PlayGround/code-test/controller/Element.js","statementMap":{"0":{"start":{"line":1,"column":17},"end":{"line":1,"column":48}},"1":{"start":{"line":5,"column":4},"end":{"line":5,"column":34}},"2":{"start":{"line":6,"column":4},"end":{"line":6,"column":40}},"3":{"start":{"line":7,"column":4},"end":{"line":7,"column":40}},"4":{"start":{"line":8,"column":4},"end":{"line":8,"column":44}},"5":{"start":{"line":9,"column":4},"end":{"line":9,"column":48}},"6":{"start":{"line":10,"column":4},"end":{"line":10,"column":65}},"7":{"start":{"line":11,"column":4},"end":{"line":11,"column":39}},"8":{"start":{"line":16,"column":4},"end":{"line":18,"column":5}},"9":{"start":{"line":17,"column":6},"end":{"line":17,"column":55}},"10":{"start":{"line":19,"column":4},"end":{"line":44,"column":7}},"11":{"start":{"line":21,"column":6},"end":{"line":43,"column":7}},"12":{"start":{"line":22,"column":8},"end":{"line":24,"column":9}},"13":{"start":{"line":23,"column":10},"end":{"line":23,"column":58}},"14":{"start":{"line":25,"column":24},"end":{"line":25,"column":50}},"15":{"start":{"line":26,"column":8},"end":{"line":28,"column":9}},"16":{"start":{"line":27,"column":10},"end":{"line":27,"column":48}},"17":{"start":{"line":29,"column":8},"end":{"line":42,"column":11}},"18":{"start":{"line":30,"column":10},"end":{"line":32,"column":11}},"19":{"start":{"line":31,"column":12},"end":{"line":31,"column":73}},"20":{"start":{"line":33,"column":23},"end":{"line":33,"column":40}},"21":{"start":{"line":34,"column":33},"end":{"line":34,"column":82}},"22":{"start":{"line":35,"column":26},"end":{"line":35,"column":73}},"23":{"start":{"line":35,"column":55},"end":{"line":35,"column":72}},"24":{"start":{"line":36,"column":10},"end":{"line":38,"column":11}},"25":{"start":{"line":37,"column":12},"end":{"line":37,"column":70}},"26":{"start":{"line":39,"column":10},"end":{"line":41,"column":11}},"27":{"start":{"line":40,"column":12},"end":{"line":40,"column":86}},"28":{"start":{"line":49,"column":4},"end":{"line":55,"column":5}},"29":{"start":{"line":50,"column":6},"end":{"line":50,"column":33}},"30":{"start":{"line":52,"column":18},"end":{"line":52,"column":53}},"31":{"start":{"line":53,"column":6},"end":{"line":54,"column":19}},"32":{"start":{"line":56,"column":4},"end":{"line":56,"column":28}},"33":{"start":{"line":57,"column":4},"end":{"line":57,"column":23}},"34":{"start":{"line":62,"column":4},"end":{"line":69,"column":5}},"35":{"start":{"line":63,"column":6},"end":{"line":63,"column":34}},"36":{"start":{"line":66,"column":6},"end":{"line":68,"column":9}},"37":{"start":{"line":67,"column":8},"end":{"line":67,"column":29}},"38":{"start":{"line":74,"column":17},"end":{"line":74,"column":30}},"39":{"start":{"line":76,"column":4},"end":{"line":85,"column":7}},"40":{"start":{"line":78,"column":6},"end":{"line":84,"column":7}},"41":{"start":{"line":79,"column":8},"end":{"line":83,"column":11}},"42":{"start":{"line":80,"column":26},"end":{"line":80,"column":44}},"43":{"start":{"line":82,"column":10},"end":{"line":82,"column":31}},"44":{"start":{"line":86,"column":4},"end":{"line":86,"column":32}},"45":{"start":{"line":89,"column":0},"end":{"line":89,"column":31}}},"fnMap":{"0":{"name":"(anonymous_0)","decl":{"start":{"line":4,"column":2},"end":{"line":4,"column":3}},"loc":{"start":{"line":4,"column":19},"end":{"line":12,"column":3}},"line":4},"1":{"name":"(anonymous_1)","decl":{"start":{"line":15,"column":2},"end":{"line":15,"column":3}},"loc":{"start":{"line":15,"column":17},"end":{"line":45,"column":3}},"line":15},"2":{"name":"(anonymous_2)","decl":{"start":{"line":19,"column":30},"end":{"line":19,"column":31}},"loc":{"start":{"line":19,"column":41},"end":{"line":44,"column":5}},"line":19},"3":{"name":"(anonymous_3)","decl":{"start":{"line":29,"column":28},"end":{"line":29,"column":29}},"loc":{"start":{"line":29,"column":38},"end":{"line":42,"column":9}},"line":29},"4":{"name":"(anonymous_4)","decl":{"start":{"line":35,"column":47},"end":{"line":35,"column":48}},"loc":{"start":{"line":35,"column":55},"end":{"line":35,"column":72}},"line":35},"5":{"name":"(anonymous_5)","decl":{"start":{"line":48,"column":2},"end":{"line":48,"column":3}},"loc":{"start":{"line":48,"column":33},"end":{"line":58,"column":3}},"line":48},"6":{"name":"(anonymous_6)","decl":{"start":{"line":61,"column":2},"end":{"line":61,"column":3}},"loc":{"start":{"line":61,"column":18},"end":{"line":70,"column":3}},"line":61},"7":{"name":"(anonymous_7)","decl":{"start":{"line":66,"column":28},"end":{"line":66,"column":29}},"loc":{"start":{"line":66,"column":38},"end":{"line":68,"column":7}},"line":66},"8":{"name":"(anonymous_8)","decl":{"start":{"line":72,"column":2},"end":{"line":72,"column":3}},"loc":{"start":{"line":72,"column":14},"end":{"line":87,"column":3}},"line":72},"9":{"name":"(anonymous_9)","decl":{"start":{"line":76,"column":30},"end":{"line":76,"column":31}},"loc":{"start":{"line":76,"column":41},"end":{"line":85,"column":5}},"line":76},"10":{"name":"(anonymous_10)","decl":{"start":{"line":79,"column":28},"end":{"line":79,"column":29}},"loc":{"start":{"line":79,"column":39},"end":{"line":83,"column":9}},"line":79}},"branchMap":{"0":{"loc":{"start":{"line":5,"column":14},"end":{"line":5,"column":33}},"type":"cond-expr","locations":[{"start":{"line":5,"column":20},"end":{"line":5,"column":26}},{"start":{"line":5,"column":29},"end":{"line":5,"column":33}}],"line":5},"1":{"loc":{"start":{"line":6,"column":17},"end":{"line":6,"column":39}},"type":"cond-expr","locations":[{"start":{"line":6,"column":23},"end":{"line":6,"column":32}},{"start":{"line":6,"column":35},"end":{"line":6,"column":39}}],"line":6},"2":{"loc":{"start":{"line":7,"column":17},"end":{"line":7,"column":39}},"type":"cond-expr","locations":[{"start":{"line":7,"column":23},"end":{"line":7,"column":32}},{"start":{"line":7,"column":35},"end":{"line":7,"column":39}}],"line":7},"3":{"loc":{"start":{"line":8,"column":20},"end":{"line":8,"column":43}},"type":"cond-expr","locations":[{"start":{"line":8,"column":26},"end":{"line":8,"column":38}},{"start":{"line":8,"column":41},"end":{"line":8,"column":43}}],"line":8},"4":{"loc":{"start":{"line":9,"column":21},"end":{"line":9,"column":47}},"type":"cond-expr","locations":[{"start":{"line":9,"column":27},"end":{"line":9,"column":40}},{"start":{"line":9,"column":43},"end":{"line":9,"column":47}}],"line":9},"5":{"loc":{"start":{"line":16,"column":4},"end":{"line":18,"column":5}},"type":"if","locations":[{"start":{"line":16,"column":4},"end":{"line":18,"column":5}},{"start":{"line":16,"column":4},"end":{"line":18,"column":5}}],"line":16},"6":{"loc":{"start":{"line":21,"column":6},"end":{"line":43,"column":7}},"type":"if","locations":[{"start":{"line":21,"column":6},"end":{"line":43,"column":7}},{"start":{"line":21,"column":6},"end":{"line":43,"column":7}}],"line":21},"7":{"loc":{"start":{"line":22,"column":8},"end":{"line":24,"column":9}},"type":"if","locations":[{"start":{"line":22,"column":8},"end":{"line":24,"column":9}},{"start":{"line":22,"column":8},"end":{"line":24,"column":9}}],"line":22},"8":{"loc":{"start":{"line":26,"column":8},"end":{"line":28,"column":9}},"type":"if","locations":[{"start":{"line":26,"column":8},"end":{"line":28,"column":9}},{"start":{"line":26,"column":8},"end":{"line":28,"column":9}}],"line":26},"9":{"loc":{"start":{"line":30,"column":10},"end":{"line":32,"column":11}},"type":"if","locations":[{"start":{"line":30,"column":10},"end":{"line":32,"column":11}},{"start":{"line":30,"column":10},"end":{"line":32,"column":11}}],"line":30},"10":{"loc":{"start":{"line":36,"column":10},"end":{"line":38,"column":11}},"type":"if","locations":[{"start":{"line":36,"column":10},"end":{"line":38,"column":11}},{"start":{"line":36,"column":10},"end":{"line":38,"column":11}}],"line":36},"11":{"loc":{"start":{"line":39,"column":10},"end":{"line":41,"column":11}},"type":"if","locations":[{"start":{"line":39,"column":10},"end":{"line":41,"column":11}},{"start":{"line":39,"column":10},"end":{"line":41,"column":11}}],"line":39},"12":{"loc":{"start":{"line":62,"column":4},"end":{"line":69,"column":5}},"type":"if","locations":[{"start":{"line":62,"column":4},"end":{"line":69,"column":5}},{"start":{"line":62,"column":4},"end":{"line":69,"column":5}}],"line":62},"13":{"loc":{"start":{"line":78,"column":6},"end":{"line":84,"column":7}},"type":"if","locations":[{"start":{"line":78,"column":6},"end":{"line":84,"column":7}},{"start":{"line":78,"column":6},"end":{"line":84,"column":7}}],"line":78}},"s":{"0":1,"1":4,"2":4,"3":4,"4":4,"5":4,"6":4,"7":4,"8":2,"9":0,"10":2,"11":3,"12":3,"13":0,"14":3,"15":3,"16":1,"17":2,"18":2,"19":0,"20":2,"21":2,"22":2,"23":10,"24":2,"25":0,"26":2,"27":0,"28":1,"29":1,"30":0,"31":0,"32":1,"33":1,"34":3,"35":2,"36":1,"37":1,"38":1,"39":1,"40":2,"41":2,"42":2,"43":2,"44":1,"45":1},"f":{"0":4,"1":2,"2":3,"3":2,"4":10,"5":1,"6":3,"7":1,"8":1,"9":2,"10":2},"b":{"0":[2,2],"1":[2,2],"2":[2,2],"3":[2,2],"4":[2,2],"5":[0,2],"6":[3,0],"7":[0,3],"8":[1,2],"9":[0,2],"10":[0,2],"11":[0,2],"12":[2,1],"13":[2,0]},"_coverageSchema":"1a1c01bbd47fc00a2c39e90264f33305004495a9","hash":"e497245243b9fdc20f10a8ce6a88113d41cfdc72"}
,"/home/shah/PlayGround/code-test/controller/Repos.js": {"path":"/home/shah/PlayGround/code-test/controller/Repos.js","statementMap":{"0":{"start":{"line":1,"column":14},"end":{"line":1,"column":30}},"1":{"start":{"line":2,"column":15},"end":{"line":2,"column":43}},"2":{"start":{"line":3,"column":17},"end":{"line":3,"column":48}},"3":{"start":{"line":5,"column":16},"end":{"line":5,"column":18}},"4":{"start":{"line":11,"column":4},"end":{"line":21,"column":5}},"5":{"start":{"line":12,"column":25},"end":{"line":12,"column":60}},"6":{"start":{"line":13,"column":18},"end":{"line":14,"column":41}},"7":{"start":{"line":16,"column":23},"end":{"line":16,"column":62}},"8":{"start":{"line":17,"column":6},"end":{"line":17,"column":99}},"9":{"start":{"line":19,"column":18},"end":{"line":19,"column":48}},"10":{"start":{"line":20,"column":6},"end":{"line":20,"column":43}},"11":{"start":{"line":25,"column":0},"end":{"line":25,"column":29}}},"fnMap":{"0":{"name":"(anonymous_0)","decl":{"start":{"line":10,"column":2},"end":{"line":10,"column":3}},"loc":{"start":{"line":10,"column":29},"end":{"line":22,"column":3}},"line":10}},"branchMap":{"0":{"loc":{"start":{"line":12,"column":25},"end":{"line":12,"column":60}},"type":"cond-expr","locations":[{"start":{"line":12,"column":42},"end":{"line":12,"column":56}},{"start":{"line":12,"column":59},"end":{"line":12,"column":60}}],"line":12}},"s":{"0":1,"1":1,"2":1,"3":1,"4":0,"5":0,"6":0,"7":0,"8":0,"9":0,"10":0,"11":1},"f":{"0":0},"b":{"0":[0,0]},"_coverageSchema":"1a1c01bbd47fc00a2c39e90264f33305004495a9","hash":"f9b1eeeb8f9ced0a075ebc604ba02a17196b7631"}
,"/home/shah/PlayGround/code-test/helpers/Helper.js": {"path":"/home/shah/PlayGround/code-test/helpers/Helper.js","statementMap":{"0":{"start":{"line":3,"column":4},"end":{"line":3,"column":71}},"1":{"start":{"line":3,"column":23},"end":{"line":3,"column":71}},"2":{"start":{"line":6,"column":6},"end":{"line":6,"column":69}},"3":{"start":{"line":6,"column":58},"end":{"line":6,"column":67}},"4":{"start":{"line":9,"column":22},"end":{"line":9,"column":23}},"5":{"start":{"line":10,"column":22},"end":{"line":10,"column":23}},"6":{"start":{"line":11,"column":23},"end":{"line":11,"column":24}},"7":{"start":{"line":12,"column":4},"end":{"line":15,"column":5}},"8":{"start":{"line":14,"column":6},"end":{"line":14,"column":34}},"9":{"start":{"line":17,"column":4},"end":{"line":22,"column":5}},"10":{"start":{"line":19,"column":6},"end":{"line":21,"column":63}},"11":{"start":{"line":24,"column":4},"end":{"line":31,"column":5}},"12":{"start":{"line":26,"column":6},"end":{"line":30,"column":10}},"13":{"start":{"line":34,"column":4},"end":{"line":38,"column":61}},"14":{"start":{"line":42,"column":0},"end":{"line":42,"column":30}}},"fnMap":{"0":{"name":"(anonymous_0)","decl":{"start":{"line":2,"column":2},"end":{"line":2,"column":3}},"loc":{"start":{"line":2,"column":43},"end":{"line":39,"column":3}},"line":2},"1":{"name":"range","decl":{"start":{"line":5,"column":13},"end":{"line":5,"column":18}},"loc":{"start":{"line":5,"column":31},"end":{"line":7,"column":5}},"line":5},"2":{"name":"(anonymous_2)","decl":{"start":{"line":6,"column":48},"end":{"line":6,"column":49}},"loc":{"start":{"line":6,"column":58},"end":{"line":6,"column":67}},"line":6}},"branchMap":{"0":{"loc":{"start":{"line":3,"column":4},"end":{"line":3,"column":71}},"type":"if","locations":[{"start":{"line":3,"column":4},"end":{"line":3,"column":71}},{"start":{"line":3,"column":4},"end":{"line":3,"column":71}}],"line":3},"1":{"loc":{"start":{"line":12,"column":4},"end":{"line":15,"column":5}},"type":"if","locations":[{"start":{"line":12,"column":4},"end":{"line":15,"column":5}},{"start":{"line":12,"column":4},"end":{"line":15,"column":5}}],"line":12},"2":{"loc":{"start":{"line":17,"column":4},"end":{"line":22,"column":5}},"type":"if","locations":[{"start":{"line":17,"column":4},"end":{"line":22,"column":5}},{"start":{"line":17,"column":4},"end":{"line":22,"column":5}}],"line":17},"3":{"loc":{"start":{"line":24,"column":4},"end":{"line":31,"column":5}},"type":"if","locations":[{"start":{"line":24,"column":4},"end":{"line":31,"column":5}},{"start":{"line":24,"column":4},"end":{"line":31,"column":5}}],"line":24}},"s":{"0":1,"1":0,"2":2,"3":9,"4":1,"5":1,"6":1,"7":1,"8":0,"9":1,"10":1,"11":0,"12":0,"13":0,"14":1},"f":{"0":1,"1":2,"2":9},"b":{"0":[0,1],"1":[0,1],"2":[1,0],"3":[0,0]},"_coverageSchema":"1a1c01bbd47fc00a2c39e90264f33305004495a9","hash":"b71a137aa57a1d9eaf04285a93272c5c0ceba1fd"}
,"/home/shah/PlayGround/code-test/response/Response.js": {"path":"/home/shah/PlayGround/code-test/response/Response.js","statementMap":{"0":{"start":{"line":3,"column":4},"end":{"line":7,"column":6}},"1":{"start":{"line":11,"column":4},"end":{"line":15,"column":6}},"2":{"start":{"line":19,"column":0},"end":{"line":19,"column":32}}},"fnMap":{"0":{"name":"(anonymous_0)","decl":{"start":{"line":2,"column":2},"end":{"line":2,"column":3}},"loc":{"start":{"line":2,"column":27},"end":{"line":8,"column":3}},"line":2},"1":{"name":"(anonymous_1)","decl":{"start":{"line":10,"column":2},"end":{"line":10,"column":3}},"loc":{"start":{"line":10,"column":20},"end":{"line":16,"column":3}},"line":10}},"branchMap":{},"s":{"0":0,"1":0,"2":2},"f":{"0":0,"1":0},"b":{},"_coverageSchema":"1a1c01bbd47fc00a2c39e90264f33305004495a9","hash":"c2cac5f5c335001db1cdfb567a59cb1be71f6166"}
}
