TN:
SF:controller/listGithubRepos/Repos.controller.js
FN:10,(anonymous_0)
FNF:1
FNH:1
FNDA:2,(anonymous_0)
DA:1,1
DA:2,1
DA:3,1
DA:5,1
DA:11,2
DA:12,2
DA:14,2
DA:16,2
DA:18,1
DA:20,1
DA:21,1
DA:26,1
LF:12
LH:12
BRDA:12,0,0,2
BRDA:12,0,1,0
BRF:2
BRH:1
end_of_record
TN:
SF:controller/organizeElement/Element.controller.js
FN:4,(anonymous_0)
FN:15,(anonymous_1)
FN:19,(anonymous_2)
FN:29,(anonymous_3)
FN:35,(anonymous_4)
FN:48,(anonymous_5)
FN:61,(anonymous_6)
FN:66,(anonymous_7)
FN:72,(anonymous_8)
FN:76,(anonymous_9)
FN:79,(anonymous_10)
FNF:11
FNH:11
FNDA:4,(anonymous_0)
FNDA:2,(anonymous_1)
FNDA:3,(anonymous_2)
FNDA:2,(anonymous_3)
FNDA:10,(anonymous_4)
FNDA:1,(anonymous_5)
FNDA:3,(anonymous_6)
FNDA:1,(anonymous_7)
FNDA:1,(anonymous_8)
FNDA:2,(anonymous_9)
FNDA:2,(anonymous_10)
DA:1,1
DA:5,4
DA:6,4
DA:7,4
DA:8,4
DA:9,4
DA:10,4
DA:11,4
DA:16,2
DA:17,0
DA:19,2
DA:21,3
DA:22,3
DA:23,0
DA:25,3
DA:26,3
DA:27,1
DA:29,2
DA:30,2
DA:31,0
DA:33,2
DA:34,2
DA:35,10
DA:36,2
DA:37,0
DA:39,2
DA:40,0
DA:49,1
DA:50,1
DA:52,0
DA:53,0
DA:56,1
DA:57,1
DA:62,3
DA:63,2
DA:66,1
DA:67,1
DA:74,1
DA:76,1
DA:78,2
DA:79,2
DA:80,2
DA:82,2
DA:86,1
DA:89,1
LF:45
LH:38
BRDA:5,0,0,2
BRDA:5,0,1,2
BRDA:6,1,0,2
BRDA:6,1,1,2
BRDA:7,2,0,2
BRDA:7,2,1,2
BRDA:8,3,0,2
BRDA:8,3,1,2
BRDA:9,4,0,2
BRDA:9,4,1,2
BRDA:16,5,0,0
BRDA:16,5,1,2
BRDA:21,6,0,3
BRDA:21,6,1,0
BRDA:22,7,0,0
BRDA:22,7,1,3
BRDA:26,8,0,1
BRDA:26,8,1,2
BRDA:30,9,0,0
BRDA:30,9,1,2
BRDA:36,10,0,0
BRDA:36,10,1,2
BRDA:39,11,0,0
BRDA:39,11,1,2
BRDA:62,12,0,2
BRDA:62,12,1,1
BRDA:78,13,0,2
BRDA:78,13,1,0
BRF:28
BRH:21
end_of_record
TN:
SF:controller/utils/Helper.js
FN:2,(anonymous_0)
FN:5,range
FN:6,(anonymous_2)
FNF:3
FNH:3
FNDA:2,(anonymous_0)
FNDA:5,range
FNDA:18,(anonymous_2)
DA:3,2
DA:6,18
DA:9,2
DA:10,2
DA:11,2
DA:12,2
DA:14,0
DA:17,2
DA:19,1
DA:24,1
DA:26,0
DA:34,1
DA:42,1
LF:13
LH:11
BRDA:3,0,0,0
BRDA:3,0,1,2
BRDA:12,1,0,0
BRDA:12,1,1,2
BRDA:17,2,0,1
BRDA:17,2,1,1
BRDA:24,3,0,0
BRDA:24,3,1,1
BRF:8
BRH:5
end_of_record
TN:
SF:controller/utils/Response.js
FN:2,(anonymous_0)
FN:10,(anonymous_1)
FNF:2
FNH:1
FNDA:0,(anonymous_0)
FNDA:1,(anonymous_1)
DA:3,0
DA:11,1
DA:19,2
LF:3
LH:2
BRF:0
BRH:0
end_of_record
